<?xml version="1.0" encoding="UTF-8"?>
<!-- Generated by org.testng.reporters.JUnitReportReporter -->
<testsuite hostname="JARVIS" failures="0" tests="1" name="com.seleniumTest.TestngReportsExample" time="9.612" errors="0" timestamp="2023-06-05T12:35:15 IST" skipped="0">
  <testcase classname="com.seleniumTest.TestngReportsExample" name="testNGReports" time="9.612"/>
  <system-out>
    <![CDATA[Chrome browser opened...
Google URL opened...
SidhuMoosewala Keyword entered...
Enter key pressed...]]>
  </system-out>
</testsuite> <!-- com.seleniumTest.TestngReportsExample -->
